d:\my_c_files\avx2_vectorised_functions\avx2_vectorised_functions\debug\vc142.pdb
d:\my_c_files\avx2_vectorised_functions\avx2_vectorised_functions\debug\vc142.idb
d:\my_c_files\avx2_vectorised_functions\avx2_vectorised_functions\debug\main.obj
d:\my_c_files\avx2_vectorised_functions\avx2_vectorised_functions\debug\avx2_vectorised_functions_lib.ilk
d:\my_c_files\avx2_vectorised_functions\avx2_vectorised_functions\debug\avx2_vectorised_functions_lib.exp
d:\my_c_files\avx2_vectorised_functions\avx2_vectorised_functions\debug\avx2_vectorised_functions_lib.pdb
d:\my_c_files\avx2_vectorised_functions\avx2_vectorised_functions\debug\avx2_vec.ee7489a4.tlog\cl.command.1.tlog
d:\my_c_files\avx2_vectorised_functions\avx2_vectorised_functions\debug\avx2_vec.ee7489a4.tlog\cl.read.1.tlog
d:\my_c_files\avx2_vectorised_functions\avx2_vectorised_functions\debug\avx2_vec.ee7489a4.tlog\cl.write.1.tlog
d:\my_c_files\avx2_vectorised_functions\avx2_vectorised_functions\debug\avx2_vec.ee7489a4.tlog\link-cvtres.read.1.tlog
d:\my_c_files\avx2_vectorised_functions\avx2_vectorised_functions\debug\avx2_vec.ee7489a4.tlog\link-cvtres.write.1.tlog
d:\my_c_files\avx2_vectorised_functions\avx2_vectorised_functions\debug\avx2_vec.ee7489a4.tlog\link-rc.read.1.tlog
d:\my_c_files\avx2_vectorised_functions\avx2_vectorised_functions\debug\avx2_vec.ee7489a4.tlog\link-rc.write.1.tlog
d:\my_c_files\avx2_vectorised_functions\avx2_vectorised_functions\debug\avx2_vec.ee7489a4.tlog\link.29972-cvtres.read.1.tlog
d:\my_c_files\avx2_vectorised_functions\avx2_vectorised_functions\debug\avx2_vec.ee7489a4.tlog\link.29972-cvtres.write.1.tlog
d:\my_c_files\avx2_vectorised_functions\avx2_vectorised_functions\debug\avx2_vec.ee7489a4.tlog\link.29972-rc.read.1.tlog
d:\my_c_files\avx2_vectorised_functions\avx2_vectorised_functions\debug\avx2_vec.ee7489a4.tlog\link.29972-rc.write.1.tlog
d:\my_c_files\avx2_vectorised_functions\avx2_vectorised_functions\debug\avx2_vec.ee7489a4.tlog\link.29972.read.1.tlog
d:\my_c_files\avx2_vectorised_functions\avx2_vectorised_functions\debug\avx2_vec.ee7489a4.tlog\link.29972.write.1.tlog
d:\my_c_files\avx2_vectorised_functions\avx2_vectorised_functions\debug\avx2_vec.ee7489a4.tlog\link.command.1.tlog
d:\my_c_files\avx2_vectorised_functions\avx2_vectorised_functions\debug\avx2_vec.ee7489a4.tlog\link.read.1.tlog
d:\my_c_files\avx2_vectorised_functions\avx2_vectorised_functions\debug\avx2_vec.ee7489a4.tlog\link.write.1.tlog
